c:\users\halo15\desktop\solution\x64\release\vc141.pdb
c:\users\halo15\desktop\solution\x64\release\window.obj
c:\users\halo15\desktop\solution\x64\release\wictextureloader.obj
c:\users\halo15\desktop\solution\x64\release\texturecomponents.obj
c:\users\halo15\desktop\solution\x64\release\render.obj
c:\users\halo15\desktop\solution\x64\release\main.obj
c:\users\halo15\desktop\solution\x64\release\graphiccomponents.obj
c:\users\halo15\desktop\solution\x64\release\camera.obj
c:\users\halo15\desktop\solution\x64\release\buffercomponents.obj
c:\users\halo15\desktop\solution\x64\release\fragment.cso
c:\users\halo15\desktop\solution\x64\release\geometry.cso
c:\users\halo15\desktop\solution\x64\release\vertex.cso
c:\users\halo15\desktop\solution\x64\release\scene.ilk
c:\users\halo15\desktop\solution\x64\release\scene.exe
c:\users\halo15\desktop\solution\x64\release\scene.pdb
c:\users\halo15\desktop\solution\x64\release\scene.tlog\cl.command.1.tlog
c:\users\halo15\desktop\solution\x64\release\scene.tlog\cl.read.1.tlog
c:\users\halo15\desktop\solution\x64\release\scene.tlog\cl.write.1.tlog
c:\users\halo15\desktop\solution\x64\release\scene.tlog\fxc.command.1.tlog
c:\users\halo15\desktop\solution\x64\release\scene.tlog\fxc.read.1.tlog
c:\users\halo15\desktop\solution\x64\release\scene.tlog\fxc.write.1.tlog
c:\users\halo15\desktop\solution\x64\release\scene.tlog\link.command.1.tlog
c:\users\halo15\desktop\solution\x64\release\scene.tlog\link.read.1.tlog
c:\users\halo15\desktop\solution\x64\release\scene.tlog\link.write.1.tlog
c:\users\halo15\desktop\solution\x64\release\scene.tlog\scene.write.1u.tlog
